<?xml version="1.0" encoding="UTF-8" ?>
<!--

    Copyright (C) 2009 Julio Arg\u00fcello <julio.arguello@gmail.com>

    This file is part of Bluebell Rich Client.

    Licensed under the Apache License, Version 2.0 (the "License");
    you may not use this file except in compliance with the License.
    You may obtain a copy of the License at

            http://www.apache.org/licenses/LICENSE-2.0

    Unless required by applicable law or agreed to in writing, software
    distributed under the License is distributed on an "AS IS" BASIS,
    WITHOUT WARRANTIES OR CONDITIONS OF ANY KIND, either express or implied.
    See the License for the specific language governing permissions and
    limitations under the License.

-->

<!DOCTYPE log4j:configuration SYSTEM "log4j.dtd">

<log4j:configuration xmlns:log4j="http://jakarta.apache.org/log4j/">

	<appender name="console" class="org.apache.log4j.ConsoleAppender">
		<param name="Target" value="System.out" />
		<layout class="org.apache.log4j.PatternLayout">
			<param name="ConversionPattern" value="%-5p %t %c{1} - %m%n" />
		</layout>
	</appender>

	<appender name="root" class="org.apache.log4j.RollingFileAppender">
		<param name="file" value="${user.home}/.bluebell/root.log" />
		<param name="MaxFileSize" value="100KB" />
		<layout class="org.apache.log4j.PatternLayout">
			<param name="ConversionPattern" value="%p %t %c - %m%n" />
		</layout>
	</appender>

	<appender name="icons" class="org.apache.log4j.RollingFileAppender">
		<param name="file" value="${user.home}/.bluebell/icons.log" />
		<param name="MaxFileSize" value="100KB" />
		<layout class="org.apache.log4j.PatternLayout">
			<param name="ConversionPattern" value="%p %t %c - %m%n" />
		</layout>
	</appender>

	<appender name="objects" class="org.apache.log4j.RollingFileAppender">
		<param name="file" value="${user.home}/.bluebell/objects.log" />
		<param name="MaxFileSize" value="100KB" />
		<layout class="org.apache.log4j.PatternLayout">
			<param name="ConversionPattern" value="%p %t %c - %m%n" />
		</layout>
	</appender>

	<logger name="org.bluebell.richclient.application.BbApplicationObjectConfigurer" additivity="false">
		<level value="ERROR" />
		<appender-ref ref="objects" />
	</logger>

	<logger name="org.springframework.richclient.image.DefaultIconSource" additivity="false">
		<level value="ERROR" />
		<appender-ref ref="icons" />
	</logger>

	<logger name="org.springframework.richclient.form.AbstractMasterForm$DirtyTrackingDCBCVM" additivity="false">
		<!-- Since consumes a lot of time just debugging -->
		<level value="ERROR" />
	</logger>

	<logger name="org.bluebell.richclient.table.support.TableUtils" additivity="false">
		<!-- Since consumes a lot of time just debugging -->
		<level value="ERROR" />
	</logger>

	<root>
		<priority value="ERROR" />
		<!-- <appender-ref ref="root" /> -->
		<appender-ref ref="console" />
	</root>

</log4j:configuration>
